# JRE version: OpenJDK Runtime Environment Temurin-17.0.6+10 (17.0.6+10) (build 17.0.6+10)
# Java VM: OpenJDK 64-Bit Server VM Temurin-17.0.6+10 (17.0.6+10, mixed mode, emulated-client, tiered, compressed oops, compressed class ptrs, g1 gc, windows-amd64)
GC Precious Log:
 CPUs: 8 total, 8 available
 Memory: 16167M
 Large Page Support: Disabled
 NUMA Support: Disabled
 Compressed Oops: Enabled (32-bit)
 Heap Region Size: 1M
 Heap Min Capacity: 8M
 Heap Initial Capacity: 254M
 Heap Max Capacity: 1G
 Pre-touch: Disabled
 Parallel Workers: 8
 Concurrent Workers: 2
 Concurrent Refinement Workers: 8
 Periodic GC: Disabled
Heap:
 garbage-first heap   total 86016K, used 25012K [0x00000000c0000000, 0x0000000100000000)
  region size 1024K, 1 young (1024K), 0 survivors (0K)
 Metaspace       used 44289K, committed 44928K, reserved 1089536K
  class space    used 6209K, committed 6464K, reserved 1048576K
GC Heap History (20 events):
Event: 10875.584 GC heap before
{Heap before GC invocations=1079 (full 1048):
 garbage-first heap   total 86016K, used 25012K [0x00000000c0000000, 0x0000000100000000)
  region size 1024K, 1 young (1024K), 0 survivors (0K)
 Metaspace       used 44289K, committed 44928K, reserved 1089536K
  class space    used 6209K, committed 6464K, reserved 1048576K
}
Event: 10875.612 GC heap after
{Heap after GC invocations=1080 (full 1049):
 garbage-first heap   total 86016K, used 25012K [0x00000000c0000000, 0x0000000100000000)
  region size 1024K, 0 young (0K), 0 survivors (0K)
 Metaspace       used 44289K, committed 44928K, reserved 1089536K
  class space    used 6209K, committed 6464K, reserved 1048576K
}
Event: 10885.752 GC heap before
{Heap before GC invocations=1080 (full 1049):
 garbage-first heap   total 86016K, used 25012K [0x00000000c0000000, 0x0000000100000000)
  region size 1024K, 1 young (1024K), 0 survivors (0K)
 Metaspace       used 44289K, committed 44928K, reserved 1089536K
  class space    used 6209K, committed 6464K, reserved 1048576K
}
Event: 10885.774 GC heap after
{Heap after GC invocations=1081 (full 1050):
 garbage-first heap   total 86016K, used 25012K [0x00000000c0000000, 0x0000000100000000)
  region size 1024K, 0 young (0K), 0 survivors (0K)
 Metaspace       used 44289K, committed 44928K, reserved 1089536K
  class space    used 6209K, committed 6464K, reserved 1048576K
}
Event: 10895.909 GC heap before
{Heap before GC invocations=1081 (full 1050):
 garbage-first heap   total 86016K, used 25012K [0x00000000c0000000, 0x0000000100000000)
  region size 1024K, 1 young (1024K), 0 survivors (0K)
 Metaspace       used 44289K, committed 44928K, reserved 1089536K
  class space    used 6209K, committed 6464K, reserved 1048576K
}
Event: 10895.935 GC heap after
{Heap after GC invocations=1082 (full 1051):
 garbage-first heap   total 86016K, used 25012K [0x00000000c0000000, 0x0000000100000000)
  region size 1024K, 0 young (0K), 0 survivors (0K)
 Metaspace       used 44289K, committed 44928K, reserved 1089536K
  class space    used 6209K, committed 6464K, reserved 1048576K
}
Event: 10906.063 GC heap before
{Heap before GC invocations=1082 (full 1051):
 garbage-first heap   total 86016K, used 25012K [0x00000000c0000000, 0x0000000100000000)
  region size 1024K, 1 young (1024K), 0 survivors (0K)
 Metaspace       used 44289K, committed 44928K, reserved 1089536K
  class space    used 6209K, committed 6464K, reserved 1048576K
}
Event: 10906.083 GC heap after
{Heap after GC invocations=1083 (full 1052):
 garbage-first heap   total 86016K, used 25012K [0x00000000c0000000, 0x0000000100000000)
  region size 1024K, 0 young (0K), 0 survivors (0K)
 Metaspace       used 44289K, committed 44928K, reserved 1089536K
  class space    used 6209K, committed 6464K, reserved 1048576K
}
Event: 10916.215 GC heap before
{Heap before GC invocations=1083 (full 1052):
 garbage-first heap   total 86016K, used 25012K [0x00000000c0000000, 0x0000000100000000)
  region size 1024K, 1 young (1024K), 0 survivors (0K)
 Metaspace       used 44289K, committed 44928K, reserved 1089536K
  class space    used 6209K, committed 6464K, reserved 1048576K
}
Event: 10916.234 GC heap after
{Heap after GC invocations=1084 (full 1053):
 garbage-first heap   total 86016K, used 25012K [0x00000000c0000000, 0x0000000100000000)
  region size 1024K, 0 young (0K), 0 survivors (0K)
 Metaspace       used 44289K, committed 44928K, reserved 1089536K
  class space    used 6209K, committed 6464K, reserved 1048576K
}
Event: 10926.386 GC heap before
{Heap before GC invocations=1084 (full 1053):
 garbage-first heap   total 86016K, used 25012K [0x00000000c0000000, 0x0000000100000000)
  region size 1024K, 1 young (1024K), 0 survivors (0K)
 Metaspace       used 44289K, committed 44928K, reserved 1089536K
  class space    used 6209K, committed 6464K, reserved 1048576K
}
Event: 10926.416 GC heap after
{Heap after GC invocations=1085 (full 1054):
 garbage-first heap   total 86016K, used 25012K [0x00000000c0000000, 0x0000000100000000)
  region size 1024K, 0 young (0K), 0 survivors (0K)
 Metaspace       used 44289K, committed 44928K, reserved 1089536K
  class space    used 6209K, committed 6464K, reserved 1048576K
}
Event: 10936.549 GC heap before
{Heap before GC invocations=1085 (full 1054):
 garbage-first heap   total 86016K, used 25012K [0x00000000c0000000, 0x0000000100000000)
  region size 1024K, 1 young (1024K), 0 survivors (0K)
 Metaspace       used 44289K, committed 44928K, reserved 1089536K
  class space    used 6209K, committed 6464K, reserved 1048576K
}
Event: 10936.573 GC heap after
{Heap after GC invocations=1086 (full 1055):
 garbage-first heap   total 86016K, used 25012K [0x00000000c0000000, 0x0000000100000000)
  region size 1024K, 0 young (0K), 0 survivors (0K)
 Metaspace       used 44289K, committed 44928K, reserved 1089536K
  class space    used 6209K, committed 6464K, reserved 1048576K
}
Event: 10946.711 GC heap before
{Heap before GC invocations=1086 (full 1055):
 garbage-first heap   total 86016K, used 25012K [0x00000000c0000000, 0x0000000100000000)
  region size 1024K, 1 young (1024K), 0 survivors (0K)
 Metaspace       used 44289K, committed 44928K, reserved 1089536K
  class space    used 6209K, committed 6464K, reserved 1048576K
}
Event: 10946.736 GC heap after
{Heap after GC invocations=1087 (full 1056):
 garbage-first heap   total 86016K, used 25012K [0x00000000c0000000, 0x0000000100000000)
  region size 1024K, 0 young (0K), 0 survivors (0K)
 Metaspace       used 44289K, committed 44928K, reserved 1089536K
  class space    used 6209K, committed 6464K, reserved 1048576K
}
Event: 10956.881 GC heap before
{Heap before GC invocations=1087 (full 1056):
 garbage-first heap   total 86016K, used 25012K [0x00000000c0000000, 0x0000000100000000)
  region size 1024K, 1 young (1024K), 0 survivors (0K)
 Metaspace       used 44289K, committed 44928K, reserved 1089536K
  class space    used 6209K, committed 6464K, reserved 1048576K
}
Event: 10956.901 GC heap after
{Heap after GC invocations=1088 (full 1057):
 garbage-first heap   total 86016K, used 25012K [0x00000000c0000000, 0x0000000100000000)
  region size 1024K, 0 young (0K), 0 survivors (0K)
 Metaspace       used 44289K, committed 44928K, reserved 1089536K
  class space    used 6209K, committed 6464K, reserved 1048576K
}
Event: 10967.028 GC heap before
{Heap before GC invocations=1088 (full 1057):
 garbage-first heap   total 86016K, used 25012K [0x00000000c0000000, 0x0000000100000000)
  region size 1024K, 1 young (1024K), 0 survivors (0K)
 Metaspace       used 44289K, committed 44928K, reserved 1089536K
  class space    used 6209K, committed 6464K, reserved 1048576K
}
Event: 10967.050 GC heap after
{Heap after GC invocations=1089 (full 1058):
 garbage-first heap   total 86016K, used 25012K [0x00000000c0000000, 0x0000000100000000)
  region size 1024K, 0 young (0K), 0 survivors (0K)
 Metaspace       used 44289K, committed 44928K, reserved 1089536K
  class space    used 6209K, committed 6464K, reserved 1048576K
}

